Committer Email: kag8@illinois.edu, Commit URL: https://api.github.com/repos/TestingResearchIllinois/idoft/commits/53e0b6c6a3e22b5fa96578a2b8eac99d1f5696f5, Deleted Lines: {'pr-data.csv': ['@@ -3055,8 +3055,8 @@']}
Committer Email: 70547760+Einsteinnnnn@users.noreply.github.com, Commit URL: https://api.github.com/repos/TestingResearchIllinois/idoft/commits/84275a51e853d0e9b571fe2bb805264d3e3553e6, Deleted Lines: {'pr-data.csv': ['@@ -2714,7 +2714,7 @@']}
Committer Email: haozhew@cs.wisc.edu, Commit URL: https://api.github.com/repos/TestingResearchIllinois/idoft/commits/2e3a8a2e370c8f278bc9e0955b9463c8fc3c54b2, Deleted Lines: {'pr-data.csv': ['@@ -3373,8 +3373,7 @@']}
Committer Email: 47203510+kaiyaok2@users.noreply.github.com, Commit URL: https://api.github.com/repos/TestingResearchIllinois/idoft/commits/6111d2e6d7d5ea4c97fa75b2af54edf31ea11aef, Deleted Lines: {'gr-data.csv': ['@@ -1,6 +1,7 @@', '@@ -10,59 +11,89 @@', '@@ -99,16 +130,219 @@', '@@ -132,9 +366,13 @@', '@@ -206,10 +444,12 @@', '@@ -223,27 +463,28 @@', '@@ -268,6 +509,14 @@']}
Committer Email: 46614118+SaaiVenkat@users.noreply.github.com, Commit URL: https://api.github.com/repos/TestingResearchIllinois/idoft/commits/2da4ffe0f741baf6a8624acfadf7b1f68c298e88, Deleted Lines: {'pr-data.csv': ['@@ -5272,7 +5272,6 @@', '@@ -5418,12 +5417,8 @@']}
Committer Email: anirudhragavender@gmail.com, Commit URL: https://api.github.com/repos/TestingResearchIllinois/idoft/commits/3b7342a5b8a676dddb88736efad81297b4402552, Deleted Lines: {'pr-data.csv': ['@@ -1069,7 +1069,7 @@']}
Committer Email: 123439795+dserfe@users.noreply.github.com, Commit URL: https://api.github.com/repos/TestingResearchIllinois/idoft/commits/e85ddd0c0db4b127a8853b05dc4e2ef0d5b785fe, Deleted Lines: {'pr-data.csv': ['@@ -979,7 +979,7 @@', '@@ -3055,7 +3055,7 @@', '@@ -3299,8 +3299,8 @@', '@@ -3590,7 +3590,7 @@', '@@ -3888,12 +3888,12 @@', '@@ -3937,7 +3937,7 @@', '@@ -3953,7 +3953,8 @@', '@@ -5415,7 +5416,7 @@', '@@ -5451,12 +5452,12 @@']}
Committer Email: zzjas98@gmail.com, Commit URL: https://api.github.com/repos/TestingResearchIllinois/idoft/commits/11ac2c4a0a639eecdc603e6ea1f98526f4ae6390, Deleted Lines: {'pr-data.csv': ['@@ -3586,7 +3586,7 @@']}
Committer Email: 48957864+bjchris32@users.noreply.github.com, Commit URL: https://api.github.com/repos/TestingResearchIllinois/idoft/commits/729d1b87148814fa52bdf5e68cc766f20bc2e860, Deleted Lines: {'pr-data.csv': ['@@ -4446,9 +4446,8 @@']}
Committer Email: 61789910+hofi1@users.noreply.github.com, Commit URL: https://api.github.com/repos/TestingResearchIllinois/idoft/commits/38b0a44f46e36746c049763dbd8c6a15b66c8906, Deleted Lines: {'pr-data.csv': ['@@ -1165,17 +1165,17 @@', '@@ -1942,7 +1942,7 @@']}
Committer Email: 147118794+sunkarnamritishh@users.noreply.github.com, Commit URL: https://api.github.com/repos/TestingResearchIllinois/idoft/commits/478ac26f6199fb6d292a79df2298298842600205, Deleted Lines: {'pr-data.csv': ['@@ -4055,7 +4055,7 @@']}
Committer Email: simonh5@illinois.edu, Commit URL: https://api.github.com/repos/TestingResearchIllinois/idoft/commits/c50682cba88b601aa989d1744245d694384eafac, Deleted Lines: {'gr-data.csv': ['@@ -1,5 +1,5 @@'], 'pr-data.csv': ['@@ -1165,17 +1165,17 @@']}
Committer Email: simonh5@illinois.edu, Commit URL: https://api.github.com/repos/TestingResearchIllinois/idoft/commits/c50682cba88b601aa989d1744245d694384eafac, Deleted Lines: {'gr-data.csv': ['@@ -1,5 +1,5 @@'], 'pr-data.csv': ['@@ -1165,17 +1165,17 @@']}
Committer Email: sukesh@Balas-MacBook-Air.local, Commit URL: https://api.github.com/repos/TestingResearchIllinois/idoft/commits/db1e8cbd48262f59b7ff9d061c900c53a082bcb0, Deleted Lines: {'pr-data.csv': ['@@ -1667,7 +1667,6 @@']}
Committer Email: sandhu5@fa23-cs527-054.cs.illinois.edu, Commit URL: https://api.github.com/repos/TestingResearchIllinois/idoft/commits/d646d0419f29bd6edb57a6f4f048366e3f8f7957, Deleted Lines: {'pr-data.csv': ['@@ -4365,7 +4365,7 @@']}
Committer Email: 40058943+harshith2000@users.noreply.github.com, Commit URL: https://api.github.com/repos/TestingResearchIllinois/idoft/commits/0ee7fce83ae1ad4d6c096e89aa9c0b3851e3a9de, Deleted Lines: {'gr-data.csv': ['@@ -57,8 +57,8 @@']}
Committer Email: bksurajvashista@gmail.com, Commit URL: https://api.github.com/repos/TestingResearchIllinois/idoft/commits/98d585c02abbaae4f8c99bd5418aedfbdb412e78, Deleted Lines: {'pr-data.csv': ['@@ -967,7 +967,7 @@', '@@ -4116,7 +4116,7 @@']}
Committer Email: 40058943+harshith2000@users.noreply.github.com, Commit URL: https://api.github.com/repos/TestingResearchIllinois/idoft/commits/9d62eed4a498308abc1def52a122085290e0cd5d, Deleted Lines: {'pr-data.csv': ['@@ -4732,9 +4732,9 @@']}
Committer Email: guoyuxuan1801@gmail.com, Commit URL: https://api.github.com/repos/TestingResearchIllinois/idoft/commits/cd82a2b4285bdf65713b05adc0dfdfc9ec99f719, Deleted Lines: {'pr-data.csv': ['@@ -1671,11 +1671,11 @@']}
Committer Email: kiru2405@gmail.com, Commit URL: https://api.github.com/repos/TestingResearchIllinois/idoft/commits/a96627593f16637816286a4e4a07f6cc8e3917a7, Deleted Lines: {'pr-data.csv': ['@@ -4055,7 +4055,7 @@']}
Committer Email: haozhew@cs.wisc.edu, Commit URL: https://api.github.com/repos/TestingResearchIllinois/idoft/commits/d9e6be510cd3ed0c0c65a8af1fb8624f65aebe3c, Deleted Lines: {'pr-data.csv': ['@@ -2715,7 +2715,7 @@']}
Committer Email: 70547760+Einsteinnnnn@users.noreply.github.com, Commit URL: https://api.github.com/repos/TestingResearchIllinois/idoft/commits/cdedcaf8e6089c5b382d53ffd57c4d9628cf5af4, Deleted Lines: {'pr-data.csv': ['@@ -3148,7 +3148,7 @@']}
Committer Email: bksurajvashista@gmail.com, Commit URL: https://api.github.com/repos/TestingResearchIllinois/idoft/commits/03b3057e320a3301c2eef04177c44a222c1478f0, Deleted Lines: {'pr-data.csv': ['@@ -4116,7 +4116,7 @@']}
Committer Email: 70714578+deekshacheruku@users.noreply.github.com, Commit URL: https://api.github.com/repos/TestingResearchIllinois/idoft/commits/4176e2d1ce3bb1a3038d66014ca9c4cb47f8b109, Deleted Lines: {'pr-data.csv': ['@@ -1165,12 +1165,18 @@']}
Committer Email: 55152301+same8891@users.noreply.github.com, Commit URL: https://api.github.com/repos/TestingResearchIllinois/idoft/commits/eb8626a2e10a7b975707d8c9982c54d00d5d5a58, Deleted Lines: {'pr-data.csv': ['@@ -1172,7 +1172,7 @@']}
Committer Email: 1134731457@qq.com, Commit URL: https://api.github.com/repos/TestingResearchIllinois/idoft/commits/ea56ea64433cb9615ccde34940b0d5309dff6137, Deleted Lines: {'pr-data.csv': ['@@ -5444,9 +5444,6 @@']}
Committer Email: kavvya.ramarathnam@gmail.com, Commit URL: https://api.github.com/repos/TestingResearchIllinois/idoft/commits/7f95a1ecfa1863fb4e4553342188e96978a55191, Deleted Lines: {'pr-data.csv': ['@@ -1528,7 +1528,7 @@']}
Committer Email: lxb007981@hotmail.com, Commit URL: https://api.github.com/repos/TestingResearchIllinois/idoft/commits/d83a85db476108db50c86b7fb2419cbaf02b2002, Deleted Lines: {'pr-data.csv': ['@@ -3919,7 +3919,7 @@']}
Committer Email: simonh5@illinois.edu, Commit URL: https://api.github.com/repos/TestingResearchIllinois/idoft/commits/7de264f8bb12246f7840f67ee6b21f2761504613, Deleted Lines: {'pr-data.csv': ['@@ -1932,14 +1932,14 @@', '@@ -4915,13 +4915,13 @@']}
Committer Email: 47203510+kaiyaok2@users.noreply.github.com, Commit URL: https://api.github.com/repos/TestingResearchIllinois/idoft/commits/00242b1f959f78e13693c4b17fbc8229f5ffbcac, Deleted Lines: {'gr-data.csv': ['@@ -1,5 +1,6 @@', '@@ -63,6 +64,10 @@', '@@ -75,18 +80,116 @@', '@@ -103,15 +206,33 @@', '@@ -122,6 +243,7 @@']}